This file contains any messages produced by compilers while
running configure, to aid debugging if configure makes a mistake.

It was created by configure, which was
generated by GNU Autoconf 2.57.  Invocation command line was

  $ ./configure --with-qt-libraries

## --------- ##
## Platform. ##
## --------- ##

hostname = localhost.localdomain
uname -m = i686
uname -r = 2.4.21-9.0.1.EL.c0
uname -s = Linux
uname -v = #1 Sat Mar 6 08:10:10 GMT 2004

/usr/bin/uname -p = unknown
/bin/uname -X     = unknown

/bin/arch              = i686
/usr/bin/arch -k       = unknown
/usr/convex/getsysinfo = unknown
hostinfo               = unknown
/bin/machine           = unknown
/usr/bin/oslevel       = unknown
/bin/universe          = unknown

PATH: /usr/kerberos/bin
PATH: /usr/local/bin
PATH: /usr/bin
PATH: /bin
PATH: /usr/X11R6/bin
PATH: /home/borrell/bin


## ----------- ##
## Core tests. ##
## ----------- ##

configure:1281: checking for a BSD-compatible install
configure:1335: result: /usr/bin/install -c
configure:1346: checking whether build environment is sane
configure:1389: result: yes
configure:1404: checking whether make sets $(MAKE)
configure:1424: result: yes
configure:1456: checking for working aclocal
configure:1463: result: found
configure:1471: checking for working autoconf
configure:1478: result: found
configure:1486: checking for working automake
configure:1493: result: found
configure:1501: checking for working autoheader
configure:1508: result: found
configure:1516: checking for working makeinfo
configure:1523: result: found
configure:1579: checking for gcc
configure:1595: found /usr/bin/gcc
configure:1605: result: gcc
configure:1849: checking for C compiler version
configure:1852: gcc --version </dev/null >&5
gcc (GCC) 3.2.3 20030502 (Red Hat Linux 3.2.3-24)
Copyright (C) 2002 Free Software Foundation, Inc.
This is free software; see the source for copying conditions.  There is NO
warranty; not even for MERCHANTABILITY or FITNESS FOR A PARTICULAR PURPOSE.

configure:1855: $? = 0
configure:1857: gcc -v </dev/null >&5
Reading specs from /usr/lib/gcc-lib/i386-redhat-linux/3.2.3/specs
Configured with: ../configure --prefix=/usr --mandir=/usr/share/man --infodir=/usr/share/info --enable-shared --enable-threads=posix --disable-checking --with-system-zlib --enable-__cxa_atexit --host=i386-redhat-linux
Thread model: posix
gcc version 3.2.3 20030502 (Red Hat Linux 3.2.3-24)
configure:1860: $? = 0
configure:1862: gcc -V </dev/null >&5
gcc: argument to `-V' is missing
configure:1865: $? = 1
configure:1889: checking for C compiler default output
configure:1892: gcc    conftest.c  >&5
configure:1895: $? = 0
configure:1941: result: a.out
configure:1946: checking whether the C compiler works
configure:1952: ./a.out
configure:1955: $? = 0
configure:1972: result: yes
configure:1979: checking whether we are cross compiling
configure:1981: result: no
configure:1984: checking for suffix of executables
configure:1986: gcc -o conftest    conftest.c  >&5
configure:1989: $? = 0
configure:2014: result: 
configure:2020: checking for suffix of object files
configure:2042: gcc -c   conftest.c >&5
configure:2045: $? = 0
configure:2067: result: o
configure:2071: checking whether we are using the GNU C compiler
configure:2096: gcc -c   conftest.c >&5
configure:2099: $? = 0
configure:2102: test -s conftest.o
configure:2105: $? = 0
configure:2118: result: yes
configure:2124: checking whether gcc accepts -g
configure:2146: gcc -c -g  conftest.c >&5
configure:2149: $? = 0
configure:2152: test -s conftest.o
configure:2155: $? = 0
configure:2166: result: yes
configure:2183: checking for gcc option to accept ANSI C
configure:2244: gcc  -c -g -O2  conftest.c >&5
configure:2247: $? = 0
configure:2250: test -s conftest.o
configure:2253: $? = 0
configure:2271: result: none needed
configure:2289: gcc -c -g -O2  conftest.c >&5
conftest.c:2: syntax error before "me"
configure:2292: $? = 1
configure: failed program was:
| #ifndef __cplusplus
|   choke me
| #endif
configure:2406: checking how to run the C preprocessor
configure:2442: gcc -E  conftest.c
configure:2448: $? = 0
configure:2480: gcc -E  conftest.c
configure:2481:28: ac_nonexistent.h: No such file or directory
configure:2486: $? = 1
configure: failed program was:
| #line 2471 "configure"
| /* confdefs.h.  */
| 
| #define PACKAGE_NAME ""
| #define PACKAGE_TARNAME ""
| #define PACKAGE_VERSION ""
| #define PACKAGE_STRING ""
| #define PACKAGE_BUGREPORT ""
| #define PACKAGE "xIrc"
| #define VERSION "2.3.8"
| /* end confdefs.h.  */
| #include <ac_nonexistent.h>
configure:2524: result: gcc -E
configure:2549: gcc -E  conftest.c
configure:2555: $? = 0
configure:2587: gcc -E  conftest.c
configure:2588:28: ac_nonexistent.h: No such file or directory
configure:2593: $? = 1
configure: failed program was:
| #line 2578 "configure"
| /* confdefs.h.  */
| 
| #define PACKAGE_NAME ""
| #define PACKAGE_TARNAME ""
| #define PACKAGE_VERSION ""
| #define PACKAGE_STRING ""
| #define PACKAGE_BUGREPORT ""
| #define PACKAGE "xIrc"
| #define VERSION "2.3.8"
| /* end confdefs.h.  */
| #include <ac_nonexistent.h>
configure:2635: checking whether ln -s works
configure:2639: result: yes
configure:2646: checking whether make sets $(MAKE)
configure:2666: result: yes
configure:2727: checking for g++
configure:2743: found /usr/bin/g++
configure:2753: result: g++
configure:2769: checking for C++ compiler version
configure:2772: g++ --version </dev/null >&5
g++ (GCC) 3.2.3 20030502 (Red Hat Linux 3.2.3-24)
Copyright (C) 2002 Free Software Foundation, Inc.
This is free software; see the source for copying conditions.  There is NO
warranty; not even for MERCHANTABILITY or FITNESS FOR A PARTICULAR PURPOSE.

configure:2775: $? = 0
configure:2777: g++ -v </dev/null >&5
Reading specs from /usr/lib/gcc-lib/i386-redhat-linux/3.2.3/specs
Configured with: ../configure --prefix=/usr --mandir=/usr/share/man --infodir=/usr/share/info --enable-shared --enable-threads=posix --disable-checking --with-system-zlib --enable-__cxa_atexit --host=i386-redhat-linux
Thread model: posix
gcc version 3.2.3 20030502 (Red Hat Linux 3.2.3-24)
configure:2780: $? = 0
configure:2782: g++ -V </dev/null >&5
g++: argument to `-V' missing

configure:2785: $? = 1
configure:2788: checking whether we are using the GNU C++ compiler
configure:2813: g++ -c   conftest.cc >&5
configure:2816: $? = 0
configure:2819: test -s conftest.o
configure:2822: $? = 0
configure:2835: result: yes
configure:2841: checking whether g++ accepts -g
configure:2863: g++ -c -g  conftest.cc >&5
configure:2866: $? = 0
configure:2869: test -s conftest.o
configure:2872: $? = 0
configure:2883: result: yes
configure:2927: g++ -c -g -O2  conftest.cc >&5
configure:2930: $? = 0
configure:2933: test -s conftest.o
configure:2936: $? = 0
configure:2963: g++ -c -g -O2  conftest.cc >&5
configure: In function `int main()':
configure:2960: `exit' undeclared (first use this function)
configure:2960: (Each undeclared identifier is reported only once for each 
   function it appears in.)
configure:2966: $? = 1
configure: failed program was:
| #line 2946 "configure"
| /* confdefs.h.  */
| 
| #define PACKAGE_NAME ""
| #define PACKAGE_TARNAME ""
| #define PACKAGE_VERSION ""
| #define PACKAGE_STRING ""
| #define PACKAGE_BUGREPORT ""
| #define PACKAGE "xIrc"
| #define VERSION "2.3.8"
| /* end confdefs.h.  */
| 
| int
| main ()
| {
| exit (42);
|   ;
|   return 0;
| }
configure:2927: g++ -c -g -O2  conftest.cc >&5
configure:2930: $? = 0
configure:2933: test -s conftest.o
configure:2936: $? = 0
configure:2963: g++ -c -g -O2  conftest.cc >&5
configure:2966: $? = 0
configure:2969: test -s conftest.o
configure:2972: $? = 0
configure:3007: checking for main in -lX
configure:3032: gcc -o conftest -g -O2   conftest.c -lX   >&5
/usr/bin/ld: cannot find -lX
collect2: ld returned 1 exit status
configure:3035: $? = 1
configure: failed program was:
| #line 3014 "configure"
| /* confdefs.h.  */
| 
| #define PACKAGE_NAME ""
| #define PACKAGE_TARNAME ""
| #define PACKAGE_VERSION ""
| #define PACKAGE_STRING ""
| #define PACKAGE_BUGREPORT ""
| #define PACKAGE "xIrc"
| #define VERSION "2.3.8"
| #ifdef __cplusplus
| #include <stdlib.h>
| #endif
| /* end confdefs.h.  */
| 
| 
| int
| main ()
| {
| main ();
|   ;
|   return 0;
| }
configure:3053: result: no
configure:3065: checking for main in -lm
configure:3090: gcc -o conftest -g -O2   conftest.c -lm   >&5
configure:3093: $? = 0
configure:3096: test -s conftest
configure:3099: $? = 0
configure:3111: result: yes
configure:3124: checking for X
configure:3344: result: libraries /usr/X11R6/lib, headers /usr/X11R6/include
configure:3497: gcc -o conftest -g -O2   conftest.c -lm   -L/usr/X11R6/lib -lX11 >&5
configure:3500: $? = 0
configure:3503: test -s conftest
configure:3506: $? = 0
configure:3643: checking for gethostbyname
configure:3693: gcc -o conftest -g -O2   conftest.c -lm  >&5
configure:3696: $? = 0
configure:3699: test -s conftest
configure:3702: $? = 0
configure:3713: result: yes
configure:3844: checking for connect
configure:3894: gcc -o conftest -g -O2   conftest.c -lm  >&5
configure:3897: $? = 0
configure:3900: test -s conftest
configure:3903: $? = 0
configure:3914: result: yes
configure:3979: checking for remove
configure:4029: gcc -o conftest -g -O2   conftest.c -lm  >&5
configure:4032: $? = 0
configure:4035: test -s conftest
configure:4038: $? = 0
configure:4049: result: yes
configure:4114: checking for shmat
configure:4164: gcc -o conftest -g -O2   conftest.c -lm  >&5
configure:4167: $? = 0
configure:4170: test -s conftest
configure:4173: $? = 0
configure:4184: result: yes
configure:4258: checking for IceConnectionNumber in -lICE
configure:4289: gcc -o conftest -g -O2   -L/usr/X11R6/lib conftest.c -lICE  -lm  >&5
configure:4292: $? = 0
configure:4295: test -s conftest
configure:4298: $? = 0
configure:4310: result: yes
configure:4322: checking for inet_addr in -lxnet
configure:4353: gcc -o conftest -g -O2   conftest.c -lxnet  -lm  >&5
/usr/bin/ld: cannot find -lxnet
collect2: ld returned 1 exit status
configure:4356: $? = 1
configure: failed program was:
| #line 4329 "configure"
| /* confdefs.h.  */
| 
| #define PACKAGE_NAME ""
| #define PACKAGE_TARNAME ""
| #define PACKAGE_VERSION ""
| #define PACKAGE_STRING ""
| #define PACKAGE_BUGREPORT ""
| #define PACKAGE "xIrc"
| #define VERSION "2.3.8"
| #ifdef __cplusplus
| #include <stdlib.h>
| #endif
| #define HAVE_LIBM 1
| /* end confdefs.h.  */
| 
| /* Override any gcc2 internal prototype to avoid an error.  */
| #ifdef __cplusplus
| extern "C"
| #endif
| /* We use char because int might match the return type of a gcc2
|    builtin and then its argument prototype would still apply.  */
| char inet_addr ();
| int
| main ()
| {
| inet_addr ();
|   ;
|   return 0;
| }
configure:4374: result: no
configure:4386: checking for socket in -lsocket
configure:4417: gcc -o conftest -g -O2   conftest.c -lsocket  -lm  >&5
/usr/bin/ld: cannot find -lsocket
collect2: ld returned 1 exit status
configure:4420: $? = 1
configure: failed program was:
| #line 4393 "configure"
| /* confdefs.h.  */
| 
| #define PACKAGE_NAME ""
| #define PACKAGE_TARNAME ""
| #define PACKAGE_VERSION ""
| #define PACKAGE_STRING ""
| #define PACKAGE_BUGREPORT ""
| #define PACKAGE "xIrc"
| #define VERSION "2.3.8"
| #ifdef __cplusplus
| #include <stdlib.h>
| #endif
| #define HAVE_LIBM 1
| /* end confdefs.h.  */
| 
| /* Override any gcc2 internal prototype to avoid an error.  */
| #ifdef __cplusplus
| extern "C"
| #endif
| /* We use char because int might match the return type of a gcc2
|    builtin and then its argument prototype would still apply.  */
| char socket ();
| int
| main ()
| {
| socket ();
|   ;
|   return 0;
| }
configure:4438: result: no
configure:4450: checking for gethostbyname in -lnsl
configure:4481: gcc -o conftest -g -O2   conftest.c -lnsl  -lm  >&5
configure:4484: $? = 0
configure:4487: test -s conftest
configure:4490: $? = 0
configure:4502: result: yes
configure:4518: checking for inet_addr
configure:4568: gcc -o conftest -g -O2   conftest.c -lnsl -lm  >&5
configure:4571: $? = 0
configure:4574: test -s conftest
configure:4577: $? = 0
configure:4588: result: yes
configure:4518: checking for inet_aton
configure:4568: gcc -o conftest -g -O2   conftest.c -lnsl -lm  >&5
configure:4571: $? = 0
configure:4574: test -s conftest
configure:4577: $? = 0
configure:4588: result: yes
configure:4602: checking for QT libraries
configure:4670: result: yes
configure:4700: checking for QT includes
configure:4769: result: /usr/lib/qt-3.1/include
configure:4798: checking for Qt >= 2.1.0
configure:4801: result: yes
configure:4812: checking for moc
configure:4831: found /usr/lib/qt-3.1/bin/moc
configure:4844: result: /usr/lib/qt-3.1/bin/moc
configure:4856: checking for findtr
configure:4875: found /usr/lib/qt-3.1/bin/findtr
configure:4888: result: /usr/lib/qt-3.1/bin/findtr
configure:4899: checking for msg2qm
configure:4931: result: /usr/lib/qt-3.1/bin/msg2qm
configure:4942: checking for mergetr
configure:4974: result: /usr/lib/qt-3.1/bin/mergetr
configure:4983: checking for an ANSI C-conforming const
configure:5051: gcc -c -g -O2  conftest.c >&5
configure:5054: $? = 0
configure:5057: test -s conftest.o
configure:5060: $? = 0
configure:5071: result: yes
configure:5214: creating ./config.status

## ---------------------- ##
## Running config.status. ##
## ---------------------- ##

This file was extended by config.status, which was
generated by GNU Autoconf 2.57.  Invocation command line was

  CONFIG_FILES    = 
  CONFIG_HEADERS  = 
  CONFIG_LINKS    = 
  CONFIG_COMMANDS = 
  $ ./config.status 

on localhost.localdomain

config.status:631: creating Makefile
configure:6041: configuring in libX++
configure:6125: running /bin/sh './configure' --prefix=/usr/local  '--with-qt-libraries' --cache-file=/dev/null --srcdir=.

## ---------------- ##
## Cache variables. ##
## ---------------- ##

ac_cv_c_compiler_gnu=yes
ac_cv_c_const=yes
ac_cv_cxx_compiler_gnu=yes
ac_cv_env_CC_set=
ac_cv_env_CC_value=
ac_cv_env_CFLAGS_set=
ac_cv_env_CFLAGS_value=
ac_cv_env_CPPFLAGS_set=
ac_cv_env_CPPFLAGS_value=
ac_cv_env_CPP_set=
ac_cv_env_CPP_value=
ac_cv_env_CXXFLAGS_set=
ac_cv_env_CXXFLAGS_value=
ac_cv_env_CXX_set=
ac_cv_env_CXX_value=
ac_cv_env_LDFLAGS_set=
ac_cv_env_LDFLAGS_value=
ac_cv_env_build_alias_set=
ac_cv_env_build_alias_value=
ac_cv_env_host_alias_set=
ac_cv_env_host_alias_value=
ac_cv_env_target_alias_set=
ac_cv_env_target_alias_value=
ac_cv_exeext=
ac_cv_func_connect=yes
ac_cv_func_gethostbyname=yes
ac_cv_func_inet_addr=yes
ac_cv_func_inet_aton=yes
ac_cv_func_remove=yes
ac_cv_func_shmat=yes
ac_cv_have_x='have_x=yes 		ac_x_includes=/usr/X11R6/include ac_x_libraries=/usr/X11R6/lib'
ac_cv_header_qtinc=/usr/lib/qt-3.1/include
ac_cv_lib_ICE_IceConnectionNumber=yes
ac_cv_lib_X_main=no
ac_cv_lib_m_main=yes
ac_cv_lib_nsl_gethostbyname=yes
ac_cv_lib_qtlib=yes
ac_cv_lib_socket_socket=no
ac_cv_lib_xnet_inet_addr=no
ac_cv_objext=o
ac_cv_path_MOC=/usr/lib/qt-3.1/bin/moc
ac_cv_path_QT_FINDTR=/usr/lib/qt-3.1/bin/findtr
ac_cv_path_QT_MERGETR=/usr/lib/qt-3.1/bin/mergetr
ac_cv_path_QT_MSG2QM=/usr/lib/qt-3.1/bin/msg2qm
ac_cv_path_install='/usr/bin/install -c'
ac_cv_prog_CPP='gcc -E'
ac_cv_prog_ac_ct_CC=gcc
ac_cv_prog_ac_ct_CXX=g++
ac_cv_prog_cc_g=yes
ac_cv_prog_cc_stdc=
ac_cv_prog_cxx_g=yes
ac_cv_prog_make_make_set=yes

## ----------------- ##
## Output variables. ##
## ----------------- ##

ACLOCAL='aclocal'
AUTOCONF='autoconf'
AUTOHEADER='autoheader'
AUTOMAKE='automake'
CC='gcc'
CFLAGS='-g -O2'
CPP='gcc -E'
CPPFLAGS=''
CXX='g++'
CXXFLAGS='-g -O2'
DEFS='-DPACKAGE_NAME=\"\" -DPACKAGE_TARNAME=\"\" -DPACKAGE_VERSION=\"\" -DPACKAGE_STRING=\"\" -DPACKAGE_BUGREPORT=\"\" -DPACKAGE=\"xIrc\" -DVERSION=\"2.3.8\" -DHAVE_LIBM=1 -DHAVE_LIBNSL=1 -DHAVE_INET_ADDR=1 -DHAVE_INET_ATON=1 '
ECHO_C=''
ECHO_N='-n'
ECHO_T=''
EXEEXT=''
INSTALL_DATA='${INSTALL} -m 644'
INSTALL_PROGRAM='${INSTALL}'
INSTALL_SCRIPT='${INSTALL}'
LDFLAGS=''
LIBOBJS=''
LIBS='-lnsl -lm '
LN_S='ln -s'
LTLIBOBJS=''
MAKEINFO='makeinfo'
MOC='/usr/lib/qt-3.1/bin/moc'
OBJEXT='o'
PACKAGE='xIrc'
PACKAGE_BUGREPORT=''
PACKAGE_NAME=''
PACKAGE_STRING=''
PACKAGE_TARNAME=''
PACKAGE_VERSION=''
PATH_SEPARATOR=':'
QT_FINDTR='/usr/lib/qt-3.1/bin/findtr'
QT_INCDIR='/usr/lib/qt-3.1/include'
QT_INCLUDES='-I/usr/lib/qt-3.1/include'
QT_LDFLAGS='-Lyes'
QT_LIBDIR='yes'
QT_MERGETR='/usr/lib/qt-3.1/bin/mergetr'
QT_MSG2QM='/usr/lib/qt-3.1/bin/msg2qm'
SET_MAKE=''
SHELL='/bin/sh'
VERSION='2.3.8'
X_CFLAGS=' -I/usr/X11R6/include'
X_EXTRA_LIBS=''
X_LIBS=' -L/usr/X11R6/lib'
X_PRE_LIBS=' -lSM -lICE'
ac_ct_CC='gcc'
ac_ct_CXX='g++'
bindir='${exec_prefix}/bin'
build_alias=''
datadir='${prefix}/share'
exec_prefix='${prefix}'
host_alias=''
includedir='${prefix}/include'
infodir='${prefix}/info'
libdir='${exec_prefix}/lib'
libexecdir='${exec_prefix}/libexec'
localstatedir='${prefix}/var'
mandir='${prefix}/man'
oldincludedir='/usr/include'
prefix='/usr/local'
program_transform_name='s,x,x,'
sbindir='${exec_prefix}/sbin'
sharedstatedir='${prefix}/com'
subdirs=' libX++'
sysconfdir='${prefix}/etc'
target_alias=''

## ----------- ##
## confdefs.h. ##
## ----------- ##

#define HAVE_INET_ADDR 1
#define HAVE_INET_ATON 1
#define HAVE_LIBM 1
#define HAVE_LIBNSL 1
#define PACKAGE "xIrc"
#define PACKAGE_BUGREPORT ""
#define PACKAGE_NAME ""
#define PACKAGE_STRING ""
#define PACKAGE_TARNAME ""
#define PACKAGE_VERSION ""
#define VERSION "2.3.8"
#endif
#ifdef __cplusplus
#include <stdlib.h>

configure: exit 0
